<?xml version="1.0" encoding="UTF-8"?>
<!-- Generated by org.testng.reporters.JUnitReportReporter -->
<testsuite hostname="golamhassan" name="com.core.suiteA.TestCase_A2" tests="1" failures="0" timestamp="5 Jan 2016 04:37:39 GMT" time="0.000" errors="1">
  <testcase name="testCaseA2" time="0.000" classname="com.core.suiteA.TestCase_A2"/>
</testsuite> <!-- com.core.suiteA.TestCase_A2 -->
