<?xml version="1.0" encoding="UTF-8"?>
<!-- Generated by org.testng.reporters.JUnitReportReporter -->
<testsuite hostname="golamhassan" name="com.core.suiteC.TestCase_C2" tests="1" failures="0" timestamp="5 Jan 2016 04:37:39 GMT" time="0.000" errors="0">
  <testcase name="testCase2" time="0.000" classname="com.core.suiteC.TestCase_C2"/>
</testsuite> <!-- com.core.suiteC.TestCase_C2 -->
